<?xml version="1.0" encoding="UTF-8"?>
<!-- Generated by org.testng.reporters.JUnitReportReporter -->
<testsuite hostname="DESKTOP-0BETMHI" failures="0" tests="2" name="com.test.Testclass" time="11.951" errors="0" timestamp="2022-09-08T18:55:46 IST" skipped="0">
  <testcase classname="com.test.Testclass" name="verifyAddToCartTab" time="6.557"/>
  <system-out/>
  <testcase classname="com.test.Testclass" name="verifyAddToCartTab" time="5.394"/>
  <system-out/>
</testsuite> <!-- com.test.Testclass -->
